<?xml version="1.0" encoding="UTF-8"?>
<!-- Generated by org.testng.reporters.JUnitReportReporter -->
<testsuite hostname="4382.local" failures="0" tests="1" name="TestClass" time="5.991" errors="0" timestamp="2023-06-14T15:29:40 EEST" skipped="0">
  <testcase classname="TestClass" name="firstTest" time="5.991"/>
  <system-out/>
</testsuite> <!-- TestClass -->
